Log file open, 03/22/22 05:47:43
LogWindows: Failed to load 'aqProf.dll' (GetLastError=126)
LogWindows: File 'aqProf.dll' does not exist
LogWindows: Failed to load 'VtuneApi.dll' (GetLastError=126)
LogWindows: File 'VtuneApi.dll' does not exist
LogWindows: Failed to load 'VtuneApi32e.dll' (GetLastError=126)
LogWindows: File 'VtuneApi32e.dll' does not exist
LogConsoleResponse: Display: Failed to find resolution value strings in scalability ini. Falling back to default.
LogConsoleResponse: Display: Failed to find resolution value strings in scalability ini. Falling back to default.
LogInit: Display: Running engine for game: KeyStone
LogPlatformFile: Not using cached read wrapper
LogTaskGraph: Started task graph with 5 named threads and 23 total threads with 3 sets of task threads.
LogStats: Stats thread started at 6.389704
LogICUInternationalization: ICU TimeZone Detection - Raw Offset: -5:00, Platform Override: ''
LogInit: Display: Loading text-based GConfig....
LogPluginManager: Mounting plugin MeshPainting
LogPluginManager: Mounting plugin MegascansPlugin
LogPluginManager: Mounting plugin XGEController
LogPluginManager: Mounting plugin Paper2D
LogPluginManager: Mounting plugin EnvironmentQueryEditor
LogPluginManager: Mounting plugin AISupport
LogPluginManager: Mounting plugin LiveLink
LogPluginManager: Mounting plugin LightPropagationVolume
LogPluginManager: Mounting plugin AnimationSharing
LogPluginManager: Mounting plugin CLionSourceCodeAccess
LogPluginManager: Mounting plugin OodleData
LogPluginManager: Mounting plugin OodleNetwork
LogPluginManager: Mounting plugin AlembicImporter
LogPluginManager: Mounting plugin BackChannel
LogPluginManager: Mounting plugin ChaosCloth
LogPluginManager: Mounting plugin ChaosSolverPlugin
LogPluginManager: Mounting plugin ChaosNiagara
LogPluginManager: Mounting plugin AutomationUtils
LogPluginManager: Mounting plugin ChaosEditor
LogPluginManager: Mounting plugin ChaosClothEditor
LogPluginManager: Mounting plugin CharacterAI
LogPluginManager: Mounting plugin CodeLiteSourceCodeAccess
LogPluginManager: Mounting plugin KDevelopSourceCodeAccess
LogPluginManager: Mounting plugin GitSourceControl
LogPluginManager: Mounting plugin GeometryCache
LogPluginManager: Mounting plugin GeometryCollectionPlugin
LogPluginManager: Mounting plugin PixWinPlugin
LogPluginManager: Mounting plugin NullSourceCodeAccess
LogPluginManager: Mounting plugin PerforceSourceControl
LogPluginManager: Mounting plugin PluginUtils
LogPluginManager: Mounting plugin SubversionSourceControl
LogPluginManager: Mounting plugin TextureFormatOodle
LogPluginManager: Mounting plugin GeometryProcessing
LogPluginManager: Mounting plugin PlasticSourceControl
LogPluginManager: Mounting plugin PropertyAccessNode
LogPluginManager: Mounting plugin RiderSourceCodeAccess
LogPluginManager: Mounting plugin UObjectPlugin
LogPluginManager: Mounting plugin VisualStudioCodeSourceCodeAccess
LogPluginManager: Mounting plugin VisualStudioSourceCodeAccess
LogPluginManager: Mounting plugin MotoSynth
LogPluginManager: Mounting plugin XCodeSourceCodeAccess
LogPluginManager: Mounting plugin OpenImageDenoise
LogPluginManager: Mounting plugin PlanarCut
LogPluginManager: Mounting plugin PlatformCrypto
LogPluginManager: Mounting plugin ProxyLODPlugin
LogPluginManager: Mounting plugin PythonScriptPlugin
LogPluginManager: Mounting plugin CameraShakePreviewer
LogPluginManager: Mounting plugin GameplayCameras
LogPluginManager: Mounting plugin SkeletalReduction
LogPluginManager: Mounting plugin LuminPlatformFeatures
LogPluginManager: Mounting plugin MagicLeap
LogPluginManager: Mounting plugin MagicLeapLightEstimation
LogPluginManager: Mounting plugin MagicLeapMedia
LogPluginManager: Mounting plugin MagicLeapPassableWorld
LogPluginManager: Mounting plugin MLSDK
LogPluginManager: Mounting plugin TcpMessaging
LogPluginManager: Mounting plugin UdpMessaging
LogPluginManager: Mounting plugin AndroidMedia
LogPluginManager: Mounting plugin AvfMedia
LogPluginManager: Mounting plugin Niagara
LogPluginManager: Mounting plugin MediaCompositing
LogPluginManager: Mounting plugin ImgMedia
LogPluginManager: Mounting plugin MediaPlayerEditor
LogPluginManager: Mounting plugin WmfMedia
LogPluginManager: Mounting plugin WebMMedia
LogPluginManager: Mounting plugin DatasmithContent
LogPluginManager: Mounting plugin ActorSequence
LogPluginManager: Mounting plugin LevelSequenceEditor
LogPluginManager: Mounting plugin MatineeToLevelSequence
LogPluginManager: Mounting plugin TemplateSequence
LogPluginManager: Mounting plugin OnlineSubsystem
LogPluginManager: Mounting plugin VariantManagerContent
LogPluginManager: Mounting plugin OnlineSubsystemNull
LogPluginManager: Mounting plugin OnlineSubsystemUtils
LogPluginManager: Mounting plugin LauncherChunkInstaller
LogPluginManager: Mounting plugin ActorLayerUtilities
LogPluginManager: Mounting plugin AndroidDeviceProfileSelector
LogPluginManager: Mounting plugin AndroidPermission
LogPluginManager: Mounting plugin AndroidMoviePlayer
LogPluginManager: Mounting plugin AppleImageUtils
LogPluginManager: Mounting plugin AppleMoviePlayer
LogPluginManager: Mounting plugin ArchVisCharacter
LogPluginManager: Mounting plugin AssetTags
LogPluginManager: Mounting plugin AudioCapture
LogPluginManager: Mounting plugin AudioSynesthesia
LogPluginManager: Mounting plugin CableComponent
LogPluginManager: Mounting plugin ChunkDownloader
LogPluginManager: Mounting plugin CustomMeshComponent
LogPluginManager: Mounting plugin ExampleDeviceProfileSelector
LogPluginManager: Mounting plugin EditableMesh
LogPluginManager: Mounting plugin GoogleCloudMessaging
LogPluginManager: Mounting plugin GooglePAD
LogPluginManager: Mounting plugin LinuxDeviceProfileSelector
LogPluginManager: Mounting plugin IOSDeviceProfileSelector
LogPluginManager: Mounting plugin LocationServicesBPLibrary
LogPluginManager: Mounting plugin MobilePatchingUtils
LogPluginManager: Mounting plugin OpenXR
LogPluginManager: Mounting plugin OpenXREyeTracker
LogPluginManager: Mounting plugin OpenXRHandTracking
LogPluginManager: Mounting plugin PhysXVehicles
LogPluginManager: Mounting plugin PostSplashScreen
LogPluginManager: Mounting plugin ProceduralMeshComponent
LogPluginManager: Mounting plugin PropertyAccessEditor
LogPluginManager: Mounting plugin RuntimePhysXCooking
LogPluginManager: Mounting plugin ScreenshotTools
LogPluginManager: Mounting plugin SignificanceManager
LogPluginManager: Mounting plugin SoundFields
LogPluginManager: Mounting plugin Synthesis
LogPluginManager: Mounting plugin WebMMoviePlayer
LogPluginManager: Mounting plugin WindowsMoviePlayer
LogPluginManager: Mounting plugin Takes
LogPluginManager: Mounting plugin AssetManagerEditor
LogPluginManager: Mounting plugin CryptoKeys
LogPluginManager: Mounting plugin EditorScriptingUtilities
LogPluginManager: Mounting plugin CurveEditorTools
LogPluginManager: Mounting plugin DataValidation
LogPluginManager: Mounting plugin FacialAnimation
LogPluginManager: Mounting plugin GameplayTagsEditor
LogPluginManager: Mounting plugin GeometryMode
LogPluginManager: Mounting plugin MacGraphicsSwitching
LogPluginManager: Mounting plugin MaterialAnalyzer
LogPluginManager: Mounting plugin PluginBrowser
LogPluginManager: Mounting plugin SpeedTreeImporter
LogPluginManager: Mounting plugin MobileLauncherProfileWizard
LogPluginManager: Mounting plugin OnlineSubsystemGooglePlay
LogPluginManager: Mounting plugin OnlineSubsystemIOS
LogPluginManager: Mounting plugin DatabaseSupport
LogPluginManager: Mounting plugin SQLiteCore
LogPluginManager: Mounting plugin SQLiteSupport
LogPluginManager: Mounting plugin OculusVR
LogPluginManager: Mounting plugin SteamVR
LogPluginManager: Mounting plugin ContentBrowserAssetDataSource
LogPluginManager: Mounting plugin ContentBrowserClassDataSource
LogPluginManager: Mounting plugin ContentBrowserFileDataSource
PixWinPlugin: PIX capture plugin failed to initialize! Check that the process is launched from PIX.
LogInit: Using libcurl 7.55.1-DEV
LogInit:  - built for x86_64-pc-win32
LogInit:  - supports SSL with OpenSSL/1.1.1
LogInit:  - supports HTTP deflate (compression) using libz 1.2.8
LogInit:  - other features:
LogInit:      CURL_VERSION_SSL
LogInit:      CURL_VERSION_LIBZ
LogInit:      CURL_VERSION_IPV6
LogInit:      CURL_VERSION_ASYNCHDNS
LogInit:      CURL_VERSION_LARGEFILE
LogInit:      CURL_VERSION_IDN
LogInit:  CurlRequestOptions (configurable via config and command line):
LogInit:  - bVerifyPeer = true  - Libcurl will verify peer certificate
LogInit:  - bUseHttpProxy = false  - Libcurl will NOT use HTTP proxy
LogInit:  - bDontReuseConnections = false  - Libcurl will reuse connections
LogInit:  - MaxHostConnections = 16  - Libcurl will limit the number of connections to a host
LogInit:  - LocalHostAddr = Default
LogInit:  - BufferSize = 65536
LogOnline: OSS: Creating online subsystem instance for: NULL
LogInit: WinSock: version 1.1 (2.2), MaxSocks=32767, MaxUdp=65467
LogOnline: OSS: TryLoadSubsystemAndSetDefault: Loaded subsystem for module [NULL]
LogOculusPluginWrapper: OculusPlugin initialized successfully
LogHMD: Failed initializing OVRPlugin 1.59.0
LogInit: Build: ++UE4+Release-4.27-CL-18319896
LogInit: Engine Version: 4.27.2-18319896+++UE4+Release-4.27
LogInit: Compatible Engine Version: 4.27.0-17155196+++UE4+Release-4.27
LogInit: Net CL: 17155196
LogInit: OS: Windows 10 (Release 2009) (), CPU: AMD Ryzen 5 2400G with Radeon Vega Graphics    , GPU: Radeon(TM) RX 580
LogInit: Compiled (64-bit): Nov 30 2021 07:12:08
LogInit: Compiled with Visual C++: 19.24.28315.00
LogInit: Build Configuration: Development
LogInit: Branch Name: ++UE4+Release-4.27
LogInit: Command Line: 
LogInit: Base Directory: D:/Epic Games/UE_4.27/Engine/Binaries/Win64/
LogInit: Allocator: TBB
LogInit: Installed Engine Build: 1
LogDevObjectVersion: Number of dev versions registered: 29
LogDevObjectVersion:   Dev-Blueprints (B0D832E4-1F89-4F0D-ACCF-7EB736FD4AA2): 10
LogDevObjectVersion:   Dev-Build (E1C64328-A22C-4D53-A36C-8E866417BD8C): 0
LogDevObjectVersion:   Dev-Core (375EC13C-06E4-48FB-B500-84F0262A717E): 4
LogDevObjectVersion:   Dev-Editor (E4B068ED-F494-42E9-A231-DA0B2E46BB41): 40
LogDevObjectVersion:   Dev-Framework (CFFC743F-43B0-4480-9391-14DF171D2073): 37
LogDevObjectVersion:   Dev-Mobile (B02B49B5-BB20-44E9-A304-32B752E40360): 3
LogDevObjectVersion:   Dev-Networking (A4E4105C-59A1-49B5-A7C5-40C4547EDFEE): 0
LogDevObjectVersion:   Dev-Online (39C831C9-5AE6-47DC-9A44-9C173E1C8E7C): 0
LogDevObjectVersion:   Dev-Physics (78F01B33-EBEA-4F98-B9B4-84EACCB95AA2): 14
LogDevObjectVersion:   Dev-Platform (6631380F-2D4D-43E0-8009-CF276956A95A): 0
LogDevObjectVersion:   Dev-Rendering (12F88B9F-8875-4AFC-A67C-D90C383ABD29): 45
LogDevObjectVersion:   Dev-Sequencer (7B5AE74C-D270-4C10-A958-57980B212A5A): 13
LogDevObjectVersion:   Dev-VR (D7296918-1DD6-4BDD-9DE2-64A83CC13884): 3
LogDevObjectVersion:   Dev-LoadTimes (C2A15278-BFE7-4AFE-6C17-90FF531DF755): 1
LogDevObjectVersion:   Private-Geometry (6EACA3D4-40EC-4CC1-B786-8BED09428FC5): 3
LogDevObjectVersion:   Dev-AnimPhys (29E575DD-E0A3-4627-9D10-D276232CDCEA): 17
LogDevObjectVersion:   Dev-Anim (AF43A65D-7FD3-4947-9873-3E8ED9C1BB05): 15
LogDevObjectVersion:   Dev-ReflectionCapture (6B266CEC-1EC7-4B8F-A30B-E4D90942FC07): 1
LogDevObjectVersion:   Dev-Automation (0DF73D61-A23F-47EA-B727-89E90C41499A): 1
LogDevObjectVersion:   FortniteMain (601D1886-AC64-4F84-AA16-D3DE0DEAC7D6): 47
LogDevObjectVersion:   FortniteRelease (E7086368-6B23-4C58-8439-1B7016265E91): 1
LogDevObjectVersion:   Dev-Enterprise (9DFFBCD6-494F-0158-E221-12823C92A888): 10
LogDevObjectVersion:   Dev-Niagara (F2AED0AC-9AFE-416F-8664-AA7FFA26D6FC): 1
LogDevObjectVersion:   Dev-Destruction (174F1F0B-B4C6-45A5-B13F-2EE8D0FB917D): 10
LogDevObjectVersion:   Dev-Physics-Ext (35F94A83-E258-406C-A318-09F59610247C): 41
LogDevObjectVersion:   Dev-PhysicsMaterial-Chaos (B68FC16E-8B1B-42E2-B453-215C058844FE): 1
LogDevObjectVersion:   Dev-CineCamera (B2E18506-4273-CFC2-A54E-F4BB758BBA07): 1
LogDevObjectVersion:   Dev-VirtualProduction (64F58936-FD1B-42BA-BA96-7289D5D0FA4E): 1
LogDevObjectVersion:   Dev-MediaFramework (6F0ED827-A609-4895-9C91-998D90180EA4): 2
LogInit: Presizing for max 25165824 objects, including 0 objects not considered by GC, pre-allocating 0 bytes for permanent pool.
LogConfig: Applying CVar settings from Section [/Script/Engine.StreamingSettings] File [D:/KeyStone/docs/Project/KeyStone/Saved/Config/Windows/Engine.ini]
LogConfig: Setting CVar [[s.MinBulkDataSizeForAsyncLoading:131072]]
LogConfig: Setting CVar [[s.AsyncLoadingThreadEnabled:0]]
LogConfig: Setting CVar [[s.EventDrivenLoaderEnabled:1]]
LogConfig: Setting CVar [[s.WarnIfTimeLimitExceeded:0]]
LogConfig: Setting CVar [[s.TimeLimitExceededMultiplier:1.5]]
LogConfig: Setting CVar [[s.TimeLimitExceededMinTime:0.005]]
LogConfig: Setting CVar [[s.UseBackgroundLevelStreaming:1]]
LogConfig: Setting CVar [[s.PriorityAsyncLoadingExtraTime:15.0]]
LogConfig: Setting CVar [[s.LevelStreamingActorsUpdateTimeLimit:5.0]]
LogConfig: Setting CVar [[s.PriorityLevelStreamingActorsUpdateExtraTime:5.0]]
LogConfig: Setting CVar [[s.LevelStreamingComponentsRegistrationGranularity:10]]
LogConfig: Setting CVar [[s.UnregisterComponentsTimeLimit:1.0]]
LogConfig: Setting CVar [[s.LevelStreamingComponentsUnregistrationGranularity:5]]
LogConfig: Setting CVar [[s.FlushStreamingOnExit:1]]
LogInit: Object subsystem initialized
LogConfig: Setting CVar [[con.DebugEarlyDefault:1]]
LogConfig: Setting CVar [[r.setres:1280x720]]
[2022.03.22-09.47.54:490][  0]LogConfig: Setting CVar [[r.VSync:0]]
[2022.03.22-09.47.54:490][  0]LogConfig: Setting CVar [[r.RHICmdBypass:0]]
[2022.03.22-09.47.54:501][  0]LogConfig: Applying CVar settings from Section [/Script/Engine.RendererSettings] File [D:/KeyStone/docs/Project/KeyStone/Saved/Config/Windows/Engine.ini]
[2022.03.22-09.47.54:501][  0]LogConfig: Setting CVar [[r.GPUCrashDebugging:0]]
[2022.03.22-09.47.54:501][  0]LogConfig: Applying CVar settings from Section [/Script/Engine.RendererOverrideSettings] File [D:/KeyStone/docs/Project/KeyStone/Saved/Config/Windows/Engine.ini]
[2022.03.22-09.47.54:501][  0]LogConfig: Applying CVar settings from Section [/Script/Engine.StreamingSettings] File [D:/KeyStone/docs/Project/KeyStone/Saved/Config/Windows/Engine.ini]
[2022.03.22-09.47.54:501][  0]LogConfig: Setting CVar [[s.MinBulkDataSizeForAsyncLoading:131072]]
[2022.03.22-09.47.54:501][  0]LogConfig: Setting CVar [[s.AsyncLoadingThreadEnabled:0]]
[2022.03.22-09.47.54:501][  0]LogConfig: Setting CVar [[s.EventDrivenLoaderEnabled:1]]
[2022.03.22-09.47.54:501][  0]LogConfig: Setting CVar [[s.WarnIfTimeLimitExceeded:0]]
[2022.03.22-09.47.54:501][  0]LogConfig: Setting CVar [[s.TimeLimitExceededMultiplier:1.5]]
[2022.03.22-09.47.54:501][  0]LogConfig: Setting CVar [[s.TimeLimitExceededMinTime:0.005]]
[2022.03.22-09.47.54:501][  0]LogConfig: Setting CVar [[s.UseBackgroundLevelStreaming:1]]
[2022.03.22-09.47.54:501][  0]LogConfig: Setting CVar [[s.PriorityAsyncLoadingExtraTime:15.0]]
[2022.03.22-09.47.54:501][  0]LogConfig: Setting CVar [[s.LevelStreamingActorsUpdateTimeLimit:5.0]]
[2022.03.22-09.47.54:501][  0]LogConfig: Setting CVar [[s.PriorityLevelStreamingActorsUpdateExtraTime:5.0]]
[2022.03.22-09.47.54:501][  0]LogConfig: Setting CVar [[s.LevelStreamingComponentsRegistrationGranularity:10]]
[2022.03.22-09.47.54:501][  0]LogConfig: Setting CVar [[s.UnregisterComponentsTimeLimit:1.0]]
[2022.03.22-09.47.54:501][  0]LogConfig: Setting CVar [[s.LevelStreamingComponentsUnregistrationGranularity:5]]
[2022.03.22-09.47.54:501][  0]LogConfig: Setting CVar [[s.FlushStreamingOnExit:1]]
[2022.03.22-09.47.54:501][  0]LogConfig: Applying CVar settings from Section [/Script/Engine.GarbageCollectionSettings] File [D:/KeyStone/docs/Project/KeyStone/Saved/Config/Windows/Engine.ini]
[2022.03.22-09.47.54:501][  0]LogConfig: Setting CVar [[gc.MaxObjectsNotConsideredByGC:1]]
[2022.03.22-09.47.54:501][  0]LogConfig: Setting CVar [[gc.SizeOfPermanentObjectPool:0]]
[2022.03.22-09.47.54:501][  0]LogConfig: Setting CVar [[gc.FlushStreamingOnGC:0]]
[2022.03.22-09.47.54:501][  0]LogConfig: Setting CVar [[gc.NumRetriesBeforeForcingGC:10]]
[2022.03.22-09.47.54:501][  0]LogConfig: Setting CVar [[gc.AllowParallelGC:1]]
[2022.03.22-09.47.54:501][  0]LogConfig: Setting CVar [[gc.TimeBetweenPurgingPendingKillObjects:61.1]]
[2022.03.22-09.47.54:501][  0]LogConfig: Setting CVar [[gc.MaxObjectsInEditor:25165824]]
[2022.03.22-09.47.54:501][  0]LogConfig: Setting CVar [[gc.IncrementalBeginDestroyEnabled:1]]
[2022.03.22-09.47.54:501][  0]LogConfig: Setting CVar [[gc.CreateGCClusters:1]]
[2022.03.22-09.47.54:502][  0]LogConfig: Setting CVar [[gc.MinGCClusterSize:5]]
[2022.03.22-09.47.54:502][  0]LogConfig: Setting CVar [[gc.ActorClusteringEnabled:0]]
[2022.03.22-09.47.54:502][  0]LogConfig: Setting CVar [[gc.BlueprintClusteringEnabled:0]]
[2022.03.22-09.47.54:502][  0]LogConfig: Setting CVar [[gc.UseDisregardForGCOnDedicatedServers:0]]
[2022.03.22-09.47.54:502][  0]LogConfig: Setting CVar [[gc.MultithreadedDestructionEnabled:1]]
[2022.03.22-09.47.54:502][  0]LogConfig: Applying CVar settings from Section [/Script/Engine.NetworkSettings] File [D:/KeyStone/docs/Project/KeyStone/Saved/Config/Windows/Engine.ini]
[2022.03.22-09.47.54:502][  0]LogConfig: Applying CVar settings from Section [/Script/UnrealEd.CookerSettings] File [D:/KeyStone/docs/Project/KeyStone/Saved/Config/Windows/Engine.ini]
[2022.03.22-09.47.54:594][  0]LogConfig: Applying CVar settings from Section [ViewDistanceQuality@3] File [D:/KeyStone/docs/Project/KeyStone/Saved/Config/Windows/Scalability.ini]
[2022.03.22-09.47.54:594][  0]LogConfig: Setting CVar [[r.SkeletalMeshLODBias:0]]
[2022.03.22-09.47.54:594][  0]LogConfig: Setting CVar [[r.ViewDistanceScale:1.0]]
[2022.03.22-09.47.54:594][  0]LogConfig: Applying CVar settings from Section [AntiAliasingQuality@3] File [D:/KeyStone/docs/Project/KeyStone/Saved/Config/Windows/Scalability.ini]
[2022.03.22-09.47.54:594][  0]LogConfig: Setting CVar [[r.PostProcessAAQuality:4]]
[2022.03.22-09.47.54:594][  0]LogConfig: Applying CVar settings from Section [ShadowQuality@3] File [D:/KeyStone/docs/Project/KeyStone/Saved/Config/Windows/Scalability.ini]
[2022.03.22-09.47.54:594][  0]LogConfig: Setting CVar [[r.LightFunctionQuality:1]]
[2022.03.22-09.47.54:594][  0]LogConfig: Setting CVar [[r.ShadowQuality:5]]
[2022.03.22-09.47.54:594][  0]LogConfig: Setting CVar [[r.Shadow.CSM.MaxCascades:10]]
[2022.03.22-09.47.54:594][  0]LogConfig: Setting CVar [[r.Shadow.MaxResolution:2048]]
[2022.03.22-09.47.54:594][  0]LogConfig: Setting CVar [[r.Shadow.MaxCSMResolution:2048]]
[2022.03.22-09.47.54:594][  0]LogConfig: Setting CVar [[r.Shadow.RadiusThreshold:0.01]]
[2022.03.22-09.47.54:594][  0]LogConfig: Setting CVar [[r.Shadow.DistanceScale:1.0]]
[2022.03.22-09.47.54:594][  0]LogConfig: Setting CVar [[r.Shadow.CSM.TransitionScale:1.0]]
[2022.03.22-09.47.54:594][  0]LogConfig: Setting CVar [[r.Shadow.PreShadowResolutionFactor:1.0]]
[2022.03.22-09.47.54:594][  0]LogConfig: Setting CVar [[r.DistanceFieldShadowing:1]]
[2022.03.22-09.47.54:594][  0]LogConfig: Setting CVar [[r.DistanceFieldAO:1]]
[2022.03.22-09.47.54:594][  0]LogConfig: Setting CVar [[r.AOQuality:2]]
[2022.03.22-09.47.54:594][  0]LogConfig: Setting CVar [[r.VolumetricFog:1]]
[2022.03.22-09.47.54:594][  0]LogConfig: Setting CVar [[r.VolumetricFog.GridPixelSize:8]]
[2022.03.22-09.47.54:594][  0]LogConfig: Setting CVar [[r.VolumetricFog.GridSizeZ:128]]
[2022.03.22-09.47.54:594][  0]LogConfig: Setting CVar [[r.VolumetricFog.HistoryMissSupersampleCount:4]]
[2022.03.22-09.47.54:594][  0]LogConfig: Setting CVar [[r.LightMaxDrawDistanceScale:1]]
[2022.03.22-09.47.54:594][  0]LogConfig: Setting CVar [[r.CapsuleShadows:1]]
[2022.03.22-09.47.54:594][  0]LogConfig: Applying CVar settings from Section [PostProcessQuality@3] File [D:/KeyStone/docs/Project/KeyStone/Saved/Config/Windows/Scalability.ini]
[2022.03.22-09.47.54:594][  0]LogConfig: Setting CVar [[r.MotionBlurQuality:4]]
[2022.03.22-09.47.54:594][  0]LogConfig: Setting CVar [[r.AmbientOcclusionMipLevelFactor:0.4]]
[2022.03.22-09.47.54:594][  0]LogConfig: Setting CVar [[r.AmbientOcclusionMaxQuality:100]]
[2022.03.22-09.47.54:594][  0]LogConfig: Setting CVar [[r.AmbientOcclusionLevels:-1]]
[2022.03.22-09.47.54:594][  0]LogConfig: Setting CVar [[r.AmbientOcclusionRadiusScale:1.0]]
[2022.03.22-09.47.54:594][  0]LogConfig: Setting CVar [[r.DepthOfFieldQuality:2]]
[2022.03.22-09.47.54:594][  0]LogConfig: Setting CVar [[r.RenderTargetPoolMin:400]]
[2022.03.22-09.47.54:594][  0]LogConfig: Setting CVar [[r.LensFlareQuality:2]]
[2022.03.22-09.47.54:594][  0]LogConfig: Setting CVar [[r.SceneColorFringeQuality:1]]
[2022.03.22-09.47.54:594][  0]LogConfig: Setting CVar [[r.EyeAdaptationQuality:2]]
[2022.03.22-09.47.54:594][  0]LogConfig: Setting CVar [[r.BloomQuality:5]]
[2022.03.22-09.47.54:594][  0]LogConfig: Setting CVar [[r.FastBlurThreshold:100]]
[2022.03.22-09.47.54:594][  0]LogConfig: Setting CVar [[r.Upscale.Quality:3]]
[2022.03.22-09.47.54:594][  0]LogConfig: Setting CVar [[r.Tonemapper.GrainQuantization:1]]
[2022.03.22-09.47.54:594][  0]LogConfig: Setting CVar [[r.LightShaftQuality:1]]
[2022.03.22-09.47.54:594][  0]LogConfig: Setting CVar [[r.Filter.SizeScale:1]]
[2022.03.22-09.47.54:594][  0]LogConfig: Setting CVar [[r.Tonemapper.Quality:5]]
[2022.03.22-09.47.54:594][  0]LogConfig: Setting CVar [[r.DOF.Gather.AccumulatorQuality:1        ; higher gathering accumulator quality]]
[2022.03.22-09.47.54:594][  0]LogConfig: Setting CVar [[r.DOF.Gather.PostfilterMethod:1          ; Median3x3 postfilering method]]
[2022.03.22-09.47.54:594][  0]LogConfig: Setting CVar [[r.DOF.Gather.EnableBokehSettings:0       ; no bokeh simulation when gathering]]
[2022.03.22-09.47.54:594][  0]LogConfig: Setting CVar [[r.DOF.Gather.RingCount:4                 ; medium number of samples when gathering]]
[2022.03.22-09.47.54:594][  0]LogConfig: Setting CVar [[r.DOF.Scatter.ForegroundCompositing:1    ; additive foreground scattering]]
[2022.03.22-09.47.54:594][  0]LogConfig: Setting CVar [[r.DOF.Scatter.BackgroundCompositing:2    ; additive background scattering]]
[2022.03.22-09.47.54:594][  0]LogConfig: Setting CVar [[r.DOF.Scatter.EnableBokehSettings:1      ; bokeh simulation when scattering]]
[2022.03.22-09.47.54:594][  0]LogConfig: Setting CVar [[r.DOF.Scatter.MaxSpriteRatio:0.1         ; only a maximum of 10% of scattered bokeh]]
[2022.03.22-09.47.54:594][  0]LogConfig: Setting CVar [[r.DOF.Recombine.Quality:1                ; cheap slight out of focus]]
[2022.03.22-09.47.54:594][  0]LogConfig: Setting CVar [[r.DOF.Recombine.EnableBokehSettings:0    ; no bokeh simulation on slight out of focus]]
[2022.03.22-09.47.54:594][  0]LogConfig: Setting CVar [[r.DOF.TemporalAAQuality:1                ; more stable temporal accumulation]]
[2022.03.22-09.47.54:594][  0]LogConfig: Setting CVar [[r.DOF.Kernel.MaxForegroundRadius:0.025]]
[2022.03.22-09.47.54:594][  0]LogConfig: Setting CVar [[r.DOF.Kernel.MaxBackgroundRadius:0.025]]
[2022.03.22-09.47.54:594][  0]LogConfig: Applying CVar settings from Section [TextureQuality@3] File [D:/KeyStone/docs/Project/KeyStone/Saved/Config/Windows/Scalability.ini]
[2022.03.22-09.47.54:594][  0]LogConfig: Setting CVar [[r.Streaming.MipBias:0]]
[2022.03.22-09.47.54:594][  0]LogConfig: Setting CVar [[r.Streaming.AmortizeCPUToGPUCopy:0]]
[2022.03.22-09.47.54:594][  0]LogConfig: Setting CVar [[r.Streaming.MaxNumTexturesToStreamPerFrame:0]]
[2022.03.22-09.47.54:594][  0]LogConfig: Setting CVar [[r.Streaming.Boost:1]]
[2022.03.22-09.47.54:595][  0]LogConfig: Setting CVar [[r.MaxAnisotropy:8]]
[2022.03.22-09.47.54:595][  0]LogConfig: Setting CVar [[r.VT.MaxAnisotropy:8]]
[2022.03.22-09.47.54:595][  0]LogConfig: Setting CVar [[r.Streaming.LimitPoolSizeToVRAM:0]]
[2022.03.22-09.47.54:595][  0]LogConfig: Setting CVar [[r.Streaming.PoolSize:1000]]
[2022.03.22-09.47.54:595][  0]LogConfig: Setting CVar [[r.Streaming.MaxEffectiveScreenSize:0]]
[2022.03.22-09.47.54:595][  0]LogConfig: Applying CVar settings from Section [EffectsQuality@3] File [D:/KeyStone/docs/Project/KeyStone/Saved/Config/Windows/Scalability.ini]
[2022.03.22-09.47.54:595][  0]LogConfig: Setting CVar [[r.TranslucencyLightingVolumeDim:64]]
[2022.03.22-09.47.54:595][  0]LogConfig: Setting CVar [[r.RefractionQuality:2]]
[2022.03.22-09.47.54:595][  0]LogConfig: Setting CVar [[r.SSR.Quality:3]]
[2022.03.22-09.47.54:595][  0]LogConfig: Setting CVar [[r.SSR.HalfResSceneColor:0]]
[2022.03.22-09.47.54:595][  0]LogConfig: Setting CVar [[r.SceneColorFormat:4]]
[2022.03.22-09.47.54:595][  0]LogConfig: Setting CVar [[r.DetailMode:2]]
[2022.03.22-09.47.54:595][  0]LogConfig: Setting CVar [[r.TranslucencyVolumeBlur:1]]
[2022.03.22-09.47.54:595][  0]LogConfig: Setting CVar [[r.MaterialQualityLevel:1 ; High quality]]
[2022.03.22-09.47.54:595][  0]LogConfig: Setting CVar [[r.AnisotropicMaterials:1]]
[2022.03.22-09.47.54:595][  0]LogConfig: Setting CVar [[r.SSS.Scale:1]]
[2022.03.22-09.47.54:595][  0]LogConfig: Setting CVar [[r.SSS.SampleSet:2]]
[2022.03.22-09.47.54:595][  0]LogConfig: Setting CVar [[r.SSS.Quality:1]]
[2022.03.22-09.47.54:595][  0]LogConfig: Setting CVar [[r.SSS.HalfRes:0]]
[2022.03.22-09.47.54:595][  0]LogConfig: Setting CVar [[r.SSGI.Quality:3]]
[2022.03.22-09.47.54:595][  0]LogConfig: Setting CVar [[r.EmitterSpawnRateScale:1.0]]
[2022.03.22-09.47.54:595][  0]LogConfig: Setting CVar [[r.ParticleLightQuality:2]]
[2022.03.22-09.47.54:595][  0]LogConfig: Setting CVar [[r.SkyAtmosphere.AerialPerspectiveLUT.FastApplyOnOpaque:1 ; Always have FastSkyLUT 1 in this case to avoid wrong sky]]
[2022.03.22-09.47.54:595][  0]LogConfig: Setting CVar [[r.SkyAtmosphere.AerialPerspectiveLUT.SampleCountMaxPerSlice:4]]
[2022.03.22-09.47.54:595][  0]LogConfig: Setting CVar [[r.SkyAtmosphere.AerialPerspectiveLUT.DepthResolution:16.0]]
[2022.03.22-09.47.54:595][  0]LogConfig: Setting CVar [[r.SkyAtmosphere.FastSkyLUT:1]]
[2022.03.22-09.47.54:595][  0]LogConfig: Setting CVar [[r.SkyAtmosphere.FastSkyLUT.SampleCountMin:4.0]]
[2022.03.22-09.47.54:595][  0]LogConfig: Setting CVar [[r.SkyAtmosphere.FastSkyLUT.SampleCountMax:128.0]]
[2022.03.22-09.47.54:595][  0]LogConfig: Setting CVar [[r.SkyAtmosphere.SampleCountMin:4.0]]
[2022.03.22-09.47.54:595][  0]LogConfig: Setting CVar [[r.SkyAtmosphere.SampleCountMax:128.0]]
[2022.03.22-09.47.54:595][  0]LogConfig: Setting CVar [[r.SkyAtmosphere.TransmittanceLUT.UseSmallFormat:0]]
[2022.03.22-09.47.54:595][  0]LogConfig: Setting CVar [[r.SkyAtmosphere.TransmittanceLUT.SampleCount:10.0]]
[2022.03.22-09.47.54:595][  0]LogConfig: Setting CVar [[r.SkyAtmosphere.MultiScatteringLUT.SampleCount:15.0]]
[2022.03.22-09.47.54:595][  0]LogConfig: Setting CVar [[r.SkyLight.RealTimeReflectionCapture:1]]
[2022.03.22-09.47.54:595][  0]LogConfig: Applying CVar settings from Section [FoliageQuality@3] File [D:/KeyStone/docs/Project/KeyStone/Saved/Config/Windows/Scalability.ini]
[2022.03.22-09.47.54:595][  0]LogConfig: Setting CVar [[foliage.DensityScale:1.0]]
[2022.03.22-09.47.54:595][  0]LogConfig: Setting CVar [[grass.DensityScale:1.0]]
[2022.03.22-09.47.54:595][  0]LogConfig: Applying CVar settings from Section [ShadingQuality@3] File [D:/KeyStone/docs/Project/KeyStone/Saved/Config/Windows/Scalability.ini]
[2022.03.22-09.47.54:595][  0]LogConfig: Setting CVar [[r.HairStrands.SkyLighting.IntegrationType:2]]
[2022.03.22-09.47.54:595][  0]LogConfig: Setting CVar [[r.HairStrands.SkyAO.SampleCount:4]]
[2022.03.22-09.47.54:595][  0]LogConfig: Setting CVar [[r.HairStrands.Visibility.MSAA.SamplePerPixel:4]]
[2022.03.22-09.47.54:608][  0]LogInit: Selected Device Profile: [Windows]
[2022.03.22-09.47.54:609][  0]LogInit: Applying CVar settings loaded from the selected device profile: [Windows]
[2022.03.22-09.47.54:617][  0]LogHAL: Display: Platform has ~ 7 GB [7424249856 / 8589934592 / 7], which maps to Smaller [LargestMinGB=32, LargerMinGB=12, DefaultMinGB=8, SmallerMinGB=6, SmallestMinGB=0)
[2022.03.22-09.47.54:619][  0]LogInit: Going up to parent DeviceProfile []
[2022.03.22-09.47.54:663][  0]LogConfig: Applying CVar settings from Section [ViewDistanceQuality@3] File [D:/KeyStone/docs/Project/KeyStone/Saved/Config/Windows/Scalability.ini]
[2022.03.22-09.47.54:663][  0]LogConfig: Setting CVar [[r.SkeletalMeshLODBias:0]]
[2022.03.22-09.47.54:663][  0]LogConfig: Setting CVar [[r.ViewDistanceScale:1.0]]
[2022.03.22-09.47.54:663][  0]LogConfig: Applying CVar settings from Section [AntiAliasingQuality@3] File [D:/KeyStone/docs/Project/KeyStone/Saved/Config/Windows/Scalability.ini]
[2022.03.22-09.47.54:663][  0]LogConfig: Setting CVar [[r.PostProcessAAQuality:4]]
[2022.03.22-09.47.54:663][  0]LogConfig: Applying CVar settings from Section [ShadowQuality@3] File [D:/KeyStone/docs/Project/KeyStone/Saved/Config/Windows/Scalability.ini]
[2022.03.22-09.47.54:663][  0]LogConfig: Setting CVar [[r.LightFunctionQuality:1]]
[2022.03.22-09.47.54:663][  0]LogConfig: Setting CVar [[r.ShadowQuality:5]]
[2022.03.22-09.47.54:663][  0]LogConfig: Setting CVar [[r.Shadow.CSM.MaxCascades:10]]
[2022.03.22-09.47.54:663][  0]LogConfig: Setting CVar [[r.Shadow.MaxResolution:2048]]
[2022.03.22-09.47.54:663][  0]LogConfig: Setting CVar [[r.Shadow.MaxCSMResolution:2048]]
[2022.03.22-09.47.54:663][  0]LogConfig: Setting CVar [[r.Shadow.RadiusThreshold:0.01]]
[2022.03.22-09.47.54:663][  0]LogConfig: Setting CVar [[r.Shadow.DistanceScale:1.0]]
[2022.03.22-09.47.54:664][  0]LogConfig: Setting CVar [[r.Shadow.CSM.TransitionScale:1.0]]
[2022.03.22-09.47.54:664][  0]LogConfig: Setting CVar [[r.Shadow.PreShadowResolutionFactor:1.0]]
[2022.03.22-09.47.54:664][  0]LogConfig: Setting CVar [[r.DistanceFieldShadowing:1]]
[2022.03.22-09.47.54:664][  0]LogConfig: Setting CVar [[r.DistanceFieldAO:1]]
[2022.03.22-09.47.54:664][  0]LogConfig: Setting CVar [[r.AOQuality:2]]
[2022.03.22-09.47.54:664][  0]LogConfig: Setting CVar [[r.VolumetricFog:1]]
[2022.03.22-09.47.54:664][  0]LogConfig: Setting CVar [[r.VolumetricFog.GridPixelSize:8]]
[2022.03.22-09.47.54:664][  0]LogConfig: Setting CVar [[r.VolumetricFog.GridSizeZ:128]]
[2022.03.22-09.47.54:664][  0]LogConfig: Setting CVar [[r.VolumetricFog.HistoryMissSupersampleCount:4]]
[2022.03.22-09.47.54:664][  0]LogConfig: Setting CVar [[r.LightMaxDrawDistanceScale:1]]
[2022.03.22-09.47.54:664][  0]LogConfig: Setting CVar [[r.CapsuleShadows:1]]
[2022.03.22-09.47.54:664][  0]LogConfig: Applying CVar settings from Section [PostProcessQuality@3] File [D:/KeyStone/docs/Project/KeyStone/Saved/Config/Windows/Scalability.ini]
[2022.03.22-09.47.54:664][  0]LogConfig: Setting CVar [[r.MotionBlurQuality:4]]
[2022.03.22-09.47.54:664][  0]LogConfig: Setting CVar [[r.AmbientOcclusionMipLevelFactor:0.4]]
[2022.03.22-09.47.54:664][  0]LogConfig: Setting CVar [[r.AmbientOcclusionMaxQuality:100]]
[2022.03.22-09.47.54:664][  0]LogConfig: Setting CVar [[r.AmbientOcclusionLevels:-1]]
[2022.03.22-09.47.54:664][  0]LogConfig: Setting CVar [[r.AmbientOcclusionRadiusScale:1.0]]
[2022.03.22-09.47.54:664][  0]LogConfig: Setting CVar [[r.DepthOfFieldQuality:2]]
[2022.03.22-09.47.54:664][  0]LogConfig: Setting CVar [[r.RenderTargetPoolMin:400]]
[2022.03.22-09.47.54:664][  0]LogConfig: Setting CVar [[r.LensFlareQuality:2]]
[2022.03.22-09.47.54:664][  0]LogConfig: Setting CVar [[r.SceneColorFringeQuality:1]]
[2022.03.22-09.47.54:664][  0]LogConfig: Setting CVar [[r.EyeAdaptationQuality:2]]
[2022.03.22-09.47.54:664][  0]LogConfig: Setting CVar [[r.BloomQuality:5]]
[2022.03.22-09.47.54:664][  0]LogConfig: Setting CVar [[r.FastBlurThreshold:100]]
[2022.03.22-09.47.54:664][  0]LogConfig: Setting CVar [[r.Upscale.Quality:3]]
[2022.03.22-09.47.54:664][  0]LogConfig: Setting CVar [[r.Tonemapper.GrainQuantization:1]]
[2022.03.22-09.47.54:664][  0]LogConfig: Setting CVar [[r.LightShaftQuality:1]]
[2022.03.22-09.47.54:664][  0]LogConfig: Setting CVar [[r.Filter.SizeScale:1]]
[2022.03.22-09.47.54:664][  0]LogConfig: Setting CVar [[r.Tonemapper.Quality:5]]
[2022.03.22-09.47.54:664][  0]LogConfig: Setting CVar [[r.DOF.Gather.AccumulatorQuality:1        ; higher gathering accumulator quality]]
[2022.03.22-09.47.54:664][  0]LogConfig: Setting CVar [[r.DOF.Gather.PostfilterMethod:1          ; Median3x3 postfilering method]]
[2022.03.22-09.47.54:664][  0]LogConfig: Setting CVar [[r.DOF.Gather.EnableBokehSettings:0       ; no bokeh simulation when gathering]]
[2022.03.22-09.47.54:664][  0]LogConfig: Setting CVar [[r.DOF.Gather.RingCount:4                 ; medium number of samples when gathering]]
[2022.03.22-09.47.54:664][  0]LogConfig: Setting CVar [[r.DOF.Scatter.ForegroundCompositing:1    ; additive foreground scattering]]
[2022.03.22-09.47.54:664][  0]LogConfig: Setting CVar [[r.DOF.Scatter.BackgroundCompositing:2    ; additive background scattering]]
[2022.03.22-09.47.54:664][  0]LogConfig: Setting CVar [[r.DOF.Scatter.EnableBokehSettings:1      ; bokeh simulation when scattering]]
[2022.03.22-09.47.54:664][  0]LogConfig: Setting CVar [[r.DOF.Scatter.MaxSpriteRatio:0.1         ; only a maximum of 10% of scattered bokeh]]
[2022.03.22-09.47.54:664][  0]LogConfig: Setting CVar [[r.DOF.Recombine.Quality:1                ; cheap slight out of focus]]
[2022.03.22-09.47.54:664][  0]LogConfig: Setting CVar [[r.DOF.Recombine.EnableBokehSettings:0    ; no bokeh simulation on slight out of focus]]
[2022.03.22-09.47.54:664][  0]LogConfig: Setting CVar [[r.DOF.TemporalAAQuality:1                ; more stable temporal accumulation]]
[2022.03.22-09.47.54:664][  0]LogConfig: Setting CVar [[r.DOF.Kernel.MaxForegroundRadius:0.025]]
[2022.03.22-09.47.54:664][  0]LogConfig: Setting CVar [[r.DOF.Kernel.MaxBackgroundRadius:0.025]]
[2022.03.22-09.47.54:664][  0]LogConfig: Applying CVar settings from Section [TextureQuality@3] File [D:/KeyStone/docs/Project/KeyStone/Saved/Config/Windows/Scalability.ini]
[2022.03.22-09.47.54:664][  0]LogConfig: Setting CVar [[r.Streaming.MipBias:0]]
[2022.03.22-09.47.54:664][  0]LogConfig: Setting CVar [[r.Streaming.AmortizeCPUToGPUCopy:0]]
[2022.03.22-09.47.54:664][  0]LogConfig: Setting CVar [[r.Streaming.MaxNumTexturesToStreamPerFrame:0]]
[2022.03.22-09.47.54:664][  0]LogConfig: Setting CVar [[r.Streaming.Boost:1]]
[2022.03.22-09.47.54:664][  0]LogConfig: Setting CVar [[r.MaxAnisotropy:8]]
[2022.03.22-09.47.54:664][  0]LogConfig: Setting CVar [[r.VT.MaxAnisotropy:8]]
[2022.03.22-09.47.54:664][  0]LogConfig: Setting CVar [[r.Streaming.LimitPoolSizeToVRAM:0]]
[2022.03.22-09.47.54:664][  0]LogConfig: Setting CVar [[r.Streaming.PoolSize:1000]]
[2022.03.22-09.47.54:664][  0]LogConfig: Setting CVar [[r.Streaming.MaxEffectiveScreenSize:0]]
[2022.03.22-09.47.54:664][  0]LogConfig: Applying CVar settings from Section [EffectsQuality@3] File [D:/KeyStone/docs/Project/KeyStone/Saved/Config/Windows/Scalability.ini]
[2022.03.22-09.47.54:664][  0]LogConfig: Setting CVar [[r.TranslucencyLightingVolumeDim:64]]
[2022.03.22-09.47.54:664][  0]LogConfig: Setting CVar [[r.RefractionQuality:2]]
[2022.03.22-09.47.54:665][  0]LogConfig: Setting CVar [[r.SSR.Quality:3]]
[2022.03.22-09.47.54:665][  0]LogConfig: Setting CVar [[r.SSR.HalfResSceneColor:0]]
[2022.03.22-09.47.54:665][  0]LogConfig: Setting CVar [[r.SceneColorFormat:4]]
[2022.03.22-09.47.54:665][  0]LogConfig: Setting CVar [[r.DetailMode:2]]
[2022.03.22-09.47.54:665][  0]LogConfig: Setting CVar [[r.TranslucencyVolumeBlur:1]]
[2022.03.22-09.47.54:665][  0]LogConfig: Setting CVar [[r.MaterialQualityLevel:1 ; High quality]]
[2022.03.22-09.47.54:665][  0]LogConfig: Setting CVar [[r.AnisotropicMaterials:1]]
[2022.03.22-09.47.54:665][  0]LogConfig: Setting CVar [[r.SSS.Scale:1]]
[2022.03.22-09.47.54:665][  0]LogConfig: Setting CVar [[r.SSS.SampleSet:2]]
[2022.03.22-09.47.54:665][  0]LogConfig: Setting CVar [[r.SSS.Quality:1]]
[2022.03.22-09.47.54:665][  0]LogConfig: Setting CVar [[r.SSS.HalfRes:0]]
[2022.03.22-09.47.54:665][  0]LogConfig: Setting CVar [[r.SSGI.Quality:3]]
[2022.03.22-09.47.54:665][  0]LogConfig: Setting CVar [[r.EmitterSpawnRateScale:1.0]]
[2022.03.22-09.47.54:665][  0]LogConfig: Setting CVar [[r.ParticleLightQuality:2]]
[2022.03.22-09.47.54:665][  0]LogConfig: Setting CVar [[r.SkyAtmosphere.AerialPerspectiveLUT.FastApplyOnOpaque:1 ; Always have FastSkyLUT 1 in this case to avoid wrong sky]]
[2022.03.22-09.47.54:665][  0]LogConfig: Setting CVar [[r.SkyAtmosphere.AerialPerspectiveLUT.SampleCountMaxPerSlice:4]]
[2022.03.22-09.47.54:665][  0]LogConfig: Setting CVar [[r.SkyAtmosphere.AerialPerspectiveLUT.DepthResolution:16.0]]
[2022.03.22-09.47.54:665][  0]LogConfig: Setting CVar [[r.SkyAtmosphere.FastSkyLUT:1]]
[2022.03.22-09.47.54:665][  0]LogConfig: Setting CVar [[r.SkyAtmosphere.FastSkyLUT.SampleCountMin:4.0]]
[2022.03.22-09.47.54:665][  0]LogConfig: Setting CVar [[r.SkyAtmosphere.FastSkyLUT.SampleCountMax:128.0]]
[2022.03.22-09.47.54:665][  0]LogConfig: Setting CVar [[r.SkyAtmosphere.SampleCountMin:4.0]]
[2022.03.22-09.47.54:665][  0]LogConfig: Setting CVar [[r.SkyAtmosphere.SampleCountMax:128.0]]
[2022.03.22-09.47.54:665][  0]LogConfig: Setting CVar [[r.SkyAtmosphere.TransmittanceLUT.UseSmallFormat:0]]
[2022.03.22-09.47.54:665][  0]LogConfig: Setting CVar [[r.SkyAtmosphere.TransmittanceLUT.SampleCount:10.0]]
[2022.03.22-09.47.54:665][  0]LogConfig: Setting CVar [[r.SkyAtmosphere.MultiScatteringLUT.SampleCount:15.0]]
[2022.03.22-09.47.54:665][  0]LogConfig: Setting CVar [[r.SkyLight.RealTimeReflectionCapture:1]]
[2022.03.22-09.47.54:665][  0]LogConfig: Applying CVar settings from Section [FoliageQuality@3] File [D:/KeyStone/docs/Project/KeyStone/Saved/Config/Windows/Scalability.ini]
[2022.03.22-09.47.54:665][  0]LogConfig: Setting CVar [[foliage.DensityScale:1.0]]
[2022.03.22-09.47.54:665][  0]LogConfig: Setting CVar [[grass.DensityScale:1.0]]
[2022.03.22-09.47.54:665][  0]LogConfig: Applying CVar settings from Section [ShadingQuality@3] File [D:/KeyStone/docs/Project/KeyStone/Saved/Config/Windows/Scalability.ini]
[2022.03.22-09.47.54:665][  0]LogConfig: Setting CVar [[r.HairStrands.SkyLighting.IntegrationType:2]]
[2022.03.22-09.47.54:665][  0]LogConfig: Setting CVar [[r.HairStrands.SkyAO.SampleCount:4]]
[2022.03.22-09.47.54:665][  0]LogConfig: Setting CVar [[r.HairStrands.Visibility.MSAA.SamplePerPixel:4]]
[2022.03.22-09.47.54:665][  0]LogConfig: Applying CVar settings from Section [Startup] File [../../../Engine/Config/ConsoleVariables.ini]
[2022.03.22-09.47.54:709][  0]LogConfig: Setting CVar [[net.UseAdaptiveNetUpdateFrequency:0]]
[2022.03.22-09.47.54:709][  0]LogConfig: Setting CVar [[p.chaos.AllowCreatePhysxBodies:1]]
[2022.03.22-09.47.54:709][  0]LogConfig: Setting CVar [[fx.SkipVectorVMBackendOptimizations:1]]
[2022.03.22-09.47.54:709][  0]LogConfig: Applying CVar settings from Section [ConsoleVariables] File [D:/KeyStone/docs/Project/KeyStone/Saved/Config/Windows/Engine.ini]
[2022.03.22-09.47.54:709][  0]LogConfig: Applying CVar settings from Section [ConsoleVariables] File [D:/KeyStone/docs/Project/KeyStone/Saved/Config/Windows/Editor.ini]
[2022.03.22-09.47.54:768][  0]LogInit: Computer: DESKTOP-SSS6VR6
[2022.03.22-09.47.54:768][  0]LogInit: User: ringk
[2022.03.22-09.47.54:768][  0]LogInit: CPU Page size=4096, Cores=4
[2022.03.22-09.47.54:768][  0]LogInit: High frequency timer resolution =10.000000 MHz
[2022.03.22-09.47.54:776][  0]LogMemory: Memory total: Physical=6.9GB (7GB approx)
[2022.03.22-09.47.54:780][  0]LogMemory: Platform Memory Stats for Windows
[2022.03.22-09.47.54:780][  0]LogMemory: Process Physical Memory: 144.65 MB used, 144.65 MB peak
[2022.03.22-09.47.54:780][  0]LogMemory: Process Virtual Memory: 128.41 MB used, 128.41 MB peak
[2022.03.22-09.47.54:780][  0]LogMemory: Physical Memory: 5093.14 MB used,  1987.18 MB free, 7080.32 MB total
[2022.03.22-09.47.54:780][  0]LogMemory: Virtual Memory: 134208920.00 MB used,  8810.29 MB free, 134217728.00 MB total
[2022.03.22-09.47.54:795][  0]LogWindows: WindowsPlatformFeatures enabled
[2022.03.22-09.47.55:587][  0]LogInit: Physics initialised using underlying interface: PhysX
[2022.03.22-09.47.55:637][  0]LogInit: Using OS detected language (en-US).
[2022.03.22-09.47.55:637][  0]LogInit: Using OS detected locale (en-US).
[2022.03.22-09.47.55:766][  0]LogTextLocalizationManager: No specific localization for 'en-US' exists, so the 'en' localization will be used.
[2022.03.22-09.47.56:524][  0]LogInit: Setting process to per monitor DPI aware
[2022.03.22-09.47.56:704][  0]LogWindowsTextInputMethodSystem: Display: IME system deactivated.
[2022.03.22-09.47.57:262][  0]LogSlate: New Slate User Created.  User Index 0, Is Virtual User: 0
[2022.03.22-09.47.57:262][  0]LogSlate: Slate User Registered.  User Index 0, Is Virtual User: 0
[2022.03.22-09.47.58:216][  0]LogD3D11RHI: Loaded GFSDK_Aftermath_Lib.x64.dll
[2022.03.22-09.47.58:286][  0]LogHMD: Failed to initialize OpenVR with code 110
[2022.03.22-09.47.58:286][  0]LogD3D11RHI: D3D11 min allowed feature level: 11_0
[2022.03.22-09.47.58:286][  0]LogD3D11RHI: D3D11 max allowed feature level: 11_0
[2022.03.22-09.47.58:286][  0]LogD3D11RHI: D3D11 adapters:
[2022.03.22-09.47.58:388][  0]LogD3D11RHI:    0. 'Radeon(TM) RX 580' (Feature Level 11_0)
[2022.03.22-09.47.58:388][  0]LogD3D11RHI:       4076/0/3540 MB DedicatedVideo/DedicatedSystem/SharedSystem, Outputs:1, VendorId:0x1002
[2022.03.22-09.47.58:456][  0]LogD3D11RHI:    1. 'AMD Radeon RX Vega 11 Graphics' (Feature Level 11_0)
[2022.03.22-09.47.58:456][  0]LogD3D11RHI:       1009/0/3540 MB DedicatedVideo/DedicatedSystem/SharedSystem, Outputs:0, VendorId:0x1002
[2022.03.22-09.47.58:468][  0]LogD3D11RHI:    2. 'Microsoft Basic Render Driver' (Feature Level 11_0)
[2022.03.22-09.47.58:468][  0]LogD3D11RHI:       0/0/3540 MB DedicatedVideo/DedicatedSystem/SharedSystem, Outputs:0, VendorId:0x1414
[2022.03.22-09.47.58:468][  0]LogD3D11RHI: Chosen D3D11 Adapter:
[2022.03.22-09.47.58:468][  0]LogD3D11RHI:     Description : Radeon(TM) RX 580
[2022.03.22-09.47.58:468][  0]LogD3D11RHI:     VendorId    : 1002
[2022.03.22-09.47.58:468][  0]LogD3D11RHI:     DeviceId    : 67df
[2022.03.22-09.47.58:468][  0]LogD3D11RHI:     SubSysId    : 83c2103c
[2022.03.22-09.47.58:468][  0]LogD3D11RHI:     Revision    : 00c3
[2022.03.22-09.47.58:468][  0]LogD3D11RHI:     DedicatedVideoMemory : 4274024448 bytes
[2022.03.22-09.47.58:468][  0]LogD3D11RHI:     DedicatedSystemMemory : 0 bytes
[2022.03.22-09.47.58:468][  0]LogD3D11RHI:     SharedSystemMemory : 3712124928 bytes
[2022.03.22-09.47.58:468][  0]LogD3D11RHI:     AdapterLuid : 0 80960
[2022.03.22-09.47.58:518][  0]LogD3D11RHI: Creating new Direct3DDevice
[2022.03.22-09.47.58:518][  0]LogD3D11RHI:     GPU DeviceId: 0x67df (for the marketing name, search the web for "GPU Device Id")
[2022.03.22-09.47.58:518][  0]LogWindows: EnumDisplayDevices:
[2022.03.22-09.47.58:518][  0]LogWindows:    0. 'Radeon(TM) RX 580' (P:1 D:1)
[2022.03.22-09.47.58:519][  0]LogWindows:    1. 'Radeon(TM) RX 580' (P:0 D:0)
[2022.03.22-09.47.58:519][  0]LogWindows:    2. 'Radeon(TM) RX 580' (P:0 D:0)
[2022.03.22-09.47.58:520][  0]LogWindows:    3. 'Radeon(TM) RX 580' (P:0 D:0)
[2022.03.22-09.47.58:520][  0]LogWindows:    4. 'Radeon(TM) RX 580' (P:0 D:0)
[2022.03.22-09.47.58:521][  0]LogWindows:    5. 'Radeon(TM) RX 580' (P:0 D:0)
[2022.03.22-09.47.58:521][  0]LogWindows:    6. 'Radeon(TM) RX 580' (P:0 D:0)
[2022.03.22-09.47.58:522][  0]LogWindows:    7. 'Radeon(TM) RX 580' (P:0 D:0)
[2022.03.22-09.47.58:522][  0]LogWindows:    8. 'AMD Radeon RX Vega 11 Graphics' (P:0 D:0)
[2022.03.22-09.47.58:523][  0]LogWindows:    9. 'AMD Radeon RX Vega 11 Graphics' (P:0 D:0)
[2022.03.22-09.47.58:524][  0]LogWindows:    10. 'AMD Radeon RX Vega 11 Graphics' (P:0 D:0)
[2022.03.22-09.47.58:524][  0]LogWindows:    11. 'AMD Radeon RX Vega 11 Graphics' (P:0 D:0)
[2022.03.22-09.47.58:525][  0]LogWindows:    12. 'AMD Radeon RX Vega 11 Graphics' (P:0 D:0)
[2022.03.22-09.47.58:526][  0]LogWindows:    13. 'AMD Radeon RX Vega 11 Graphics' (P:0 D:0)
[2022.03.22-09.47.58:526][  0]LogWindows: DebugString: PrimaryIsNotTheChoosenAdapter PrimaryIsNotTheChoosenAdapter PrimaryIsNotTheChoosenAdapter PrimaryIsNotTheChoosenAdapter PrimaryIsNotTheChoosenAdapter PrimaryIsNotTheChoosenAdapter FoundDriverCount:8 
[2022.03.22-09.47.58:526][  0]LogD3D11RHI:     Adapter Name: Radeon(TM) RX 580
[2022.03.22-09.47.58:526][  0]LogD3D11RHI:   Driver Version: Adrenalin 19.40.38.02 (internal:26.20.14038.2009, unified:26.20.14038.2009)
[2022.03.22-09.47.58:526][  0]LogD3D11RHI:      Driver Date: 4-2-2020
[2022.03.22-09.47.58:526][  0]LogRHI: Texture pool is 2425 MB (70% of 3464 MB)
[2022.03.22-09.47.58:644][  0]LogD3D11RHI: Creating D3DDevice with AMD AGS, using adapter:
[2022.03.22-09.47.58:644][  0]LogD3D11RHI:     Description : Radeon(TM) RX 580
[2022.03.22-09.47.58:644][  0]LogD3D11RHI:     VendorId    : 1002
[2022.03.22-09.47.58:644][  0]LogD3D11RHI:     DeviceId    : 67df
[2022.03.22-09.47.58:644][  0]LogD3D11RHI:     SubSysId    : 83c2103c
[2022.03.22-09.47.58:644][  0]LogD3D11RHI:     Revision    : 00c3
[2022.03.22-09.47.58:644][  0]LogD3D11RHI:     DedicatedVideoMemory : 4274024448 bytes
[2022.03.22-09.47.58:644][  0]LogD3D11RHI:     DedicatedSystemMemory : 0 bytes
[2022.03.22-09.47.58:644][  0]LogD3D11RHI:     SharedSystemMemory : 3712124928 bytes
[2022.03.22-09.47.58:644][  0]LogD3D11RHI:     AdapterLuid : 0 80960
[2022.03.22-09.47.58:694][  0]LogD3D11RHI: Created device via AGS, feature level 11_0, supported extensions 7ffffbf.
[2022.03.22-09.47.58:694][  0]LogD3D11RHI: RHI has support for 64 bit atomics
[2022.03.22-09.47.58:709][  0]LogD3D11RHI: Async texture creation enabled
[2022.03.22-09.47.58:709][  0]LogD3D11RHI: Array index from any shader is supported
[2022.03.22-09.47.59:397][  0]LogD3D11RHI: GPU Timing Frequency: 25.000000 (Debug: 2 1)
[2022.03.22-09.48.00:829][  0]LogTargetPlatformManager: Display: Loaded TargetPlatform 'AllDesktop'
[2022.03.22-09.48.00:937][  0]LogTargetPlatformManager: Display: Loaded TargetPlatform 'Android'
[2022.03.22-09.48.00:937][  0]LogTargetPlatformManager: Display: Loaded TargetPlatform 'Android_ASTC'
[2022.03.22-09.48.00:937][  0]LogTargetPlatformManager: Display: Loaded TargetPlatform 'Android_DXT'
[2022.03.22-09.48.00:937][  0]LogTargetPlatformManager: Display: Loaded TargetPlatform 'Android_ETC2'
[2022.03.22-09.48.00:937][  0]LogTargetPlatformManager: Display: Loaded TargetPlatform 'AndroidClient'
[2022.03.22-09.48.00:937][  0]LogTargetPlatformManager: Display: Loaded TargetPlatform 'Android_ASTCClient'
[2022.03.22-09.48.00:937][  0]LogTargetPlatformManager: Display: Loaded TargetPlatform 'Android_DXTClient'
[2022.03.22-09.48.00:937][  0]LogTargetPlatformManager: Display: Loaded TargetPlatform 'Android_ETC2Client'
[2022.03.22-09.48.00:937][  0]LogTargetPlatformManager: Display: Loaded TargetPlatform 'Android_Multi'
[2022.03.22-09.48.00:937][  0]LogTargetPlatformManager: Display: Loaded TargetPlatform 'Android_MultiClient'
[2022.03.22-09.48.01:022][  0]LogTargetPlatformManager: Display: Loaded TargetPlatform 'IOSClient'
[2022.03.22-09.48.01:022][  0]LogTargetPlatformManager: Display: Loaded TargetPlatform 'IOS'
[2022.03.22-09.48.01:087][  0]LogTargetPlatformManager: Display: Loaded TargetPlatform 'Linux'
[2022.03.22-09.48.01:150][  0]LogTargetPlatformManager: Display: Loaded TargetPlatform 'LinuxNoEditor'
[2022.03.22-09.48.01:167][  0]LogTargetPlatformManager: Display: Loaded TargetPlatform 'LinuxClient'
[2022.03.22-09.48.01:182][  0]LogTargetPlatformManager: Display: Loaded TargetPlatform 'LinuxServer'
[2022.03.22-09.48.01:231][  0]LogTargetPlatformManager: Display: Loaded TargetPlatform 'LinuxAArch64NoEditor'
[2022.03.22-09.48.01:247][  0]LogTargetPlatformManager: Display: Loaded TargetPlatform 'LinuxAArch64Client'
[2022.03.22-09.48.01:269][  0]LogTargetPlatformManager: Display: Loaded TargetPlatform 'LinuxAArch64Server'
[2022.03.22-09.48.01:364][  0]LogTargetPlatformManager: Display: Loaded TargetPlatform 'Lumin'
[2022.03.22-09.48.01:364][  0]LogTargetPlatformManager: Display: Loaded TargetPlatform 'LuminClient'
[2022.03.22-09.48.01:432][  0]LogTargetPlatformManager: Display: Loaded TargetPlatform 'MacNoEditor'
[2022.03.22-09.48.01:470][  0]LogTargetPlatformManager: Display: Loaded TargetPlatform 'Mac'
[2022.03.22-09.48.01:500][  0]LogTargetPlatformManager: Display: Loaded TargetPlatform 'MacClient'
[2022.03.22-09.48.01:521][  0]LogTargetPlatformManager: Display: Loaded TargetPlatform 'MacServer'
[2022.03.22-09.48.01:553][  0]LogTargetPlatformManager: Display: Loaded TargetPlatform 'TVOSClient'
[2022.03.22-09.48.01:553][  0]LogTargetPlatformManager: Display: Loaded TargetPlatform 'TVOS'
[2022.03.22-09.48.02:323][  0]LogTargetPlatformManager: Display: Loaded TargetPlatform 'WindowsNoEditor'
[2022.03.22-09.48.02:632][  0]LogTargetPlatformManager: Display: Loaded TargetPlatform 'Windows'
[2022.03.22-09.48.02:687][  0]LogTargetPlatformManager: Display: Loaded TargetPlatform 'WindowsClient'
[2022.03.22-09.48.03:067][  0]LogTargetPlatformManager: Display: Loaded TargetPlatform 'WindowsServer'
[2022.03.22-09.48.03:067][  0]LogTargetPlatformManager: Display: Building Assets For Windows
[2022.03.22-09.48.03:819][  0]LogAudioDebug: Display: Lib vorbis DLL was dynamically loaded.
[2022.03.22-09.48.04:312][  0]LogTextureFormatOodle: Display: Oodle Texture 2.9.0 init RDO Off
[2022.03.22-09.48.05:520][  0]LogRendererCore: Ray tracing is disabled. Reason: r.RayTracing=0.
[2022.03.22-09.48.05:559][  0]LogShaderCompilers: Guid format shader working directory is 0 characters bigger than the processId version (../../../../../KeyStone/docs/Project/KeyStone/Intermediate/Shaders/WorkingDirectory/13740/).
[2022.03.22-09.48.05:559][  0]LogShaderCompilers: Cleaned the shader compiler working directory 'C:/Users/ringk/AppData/Local/Temp/UnrealShaderWorkingDir/884A4D334194A81D539B008F405516B9/'.
[2022.03.22-09.48.05:580][  0]LogXGEController: Cannot use XGE Controller as Incredibuild is not installed on this machine.
[2022.03.22-09.48.05:580][  0]LogShaderCompilers: Cannot use XGE Shader Compiler as Incredibuild is not installed on this machine.
[2022.03.22-09.48.05:581][  0]LogShaderCompilers: Display: Using Local Shader Compiler.
[2022.03.22-09.48.12:435][  0]LogDerivedDataCache: Display: Max Cache Size: 512 MB
[2022.03.22-09.48.12:790][  0]LogDerivedDataCache: Loaded boot cache 0.35s 94MB C:/Users/ringk/AppData/Local/UnrealEngine/4.27/DerivedDataCache/Boot.ddc.
[2022.03.22-09.48.12:791][  0]LogDerivedDataCache: Display: Loaded Boot cache: C:/Users/ringk/AppData/Local/UnrealEngine/4.27/DerivedDataCache/Boot.ddc
[2022.03.22-09.48.12:791][  0]LogDerivedDataCache: FDerivedDataBackendGraph:  Pak pak cache file ../../../../../KeyStone/docs/Project/KeyStone/DerivedDataCache/DDC.ddp not found, will not use a pak cache.
[2022.03.22-09.48.12:791][  0]LogDerivedDataCache: Unable to find inner node Pak for hierarchical cache Hierarchy.
[2022.03.22-09.48.12:791][  0]LogDerivedDataCache: FDerivedDataBackendGraph:  CompressedPak pak cache file ../../../../../KeyStone/docs/Project/KeyStone/DerivedDataCache/Compressed.ddp not found, will not use a pak cache.
[2022.03.22-09.48.12:791][  0]LogDerivedDataCache: Unable to find inner node CompressedPak for hierarchical cache Hierarchy.
[2022.03.22-09.48.12:912][  0]LogDerivedDataCache: Display: Pak cache opened for reading ../../../Engine/DerivedDataCache/Compressed.ddp.
[2022.03.22-09.48.12:912][  0]LogDerivedDataCache: FDerivedDataBackendGraph:  EnterprisePak pak cache file ../../../Enterprise/DerivedDataCache/Compressed.ddp not found, will not use a pak cache.
[2022.03.22-09.48.12:912][  0]LogDerivedDataCache: Unable to find inner node EnterprisePak for hierarchical cache Hierarchy.
[2022.03.22-09.48.12:948][  0]LogDerivedDataCache: Speed tests for C:/Users/ringk/AppData/Local/UnrealEngine/Common/DerivedDataCache took 0.04 seconds
[2022.03.22-09.48.12:948][  0]LogDerivedDataCache: Display: Performance to C:/Users/ringk/AppData/Local/UnrealEngine/Common/DerivedDataCache: Latency=0.39ms. RandomReadSpeed=55.75MBs, RandomWriteSpeed=61.63MBs. Assigned SpeedClass 'Local'
[2022.03.22-09.48.12:949][  0]LogDerivedDataCache: Using Local data cache path C:/Users/ringk/AppData/Local/UnrealEngine/Common/DerivedDataCache: Writable
[2022.03.22-09.48.12:949][  0]LogDerivedDataCache: Shared data cache path not found in *engine.ini, will not use an Shared cache.
[2022.03.22-09.48.12:949][  0]LogDerivedDataCache: Unable to find inner node Shared for hierarchical cache Hierarchy.
[2022.03.22-09.48.13:230][  0]LogSlate: Using FreeType 2.10.0
[2022.03.22-09.48.13:316][  0]LogSlate: SlateFontServices - WITH_FREETYPE: 1, WITH_HARFBUZZ: 1
[2022.03.22-09.48.13:825][  0]LogAssetRegistry: FAssetRegistry took 0.0101 seconds to start up
[2022.03.22-09.48.53:131][  0]LogInit: Selected Device Profile: [Windows]
[2022.03.22-09.48.53:131][  0]LogInit: Active device profile: [000002C1E7145400][000002C1E4DFFBC0 49] Windows
[2022.03.22-09.48.53:131][  0]LogInit: Profiles: [000002C1E7145400][000002C1E4DFFBC0 49] Windows, [000002C1E6E66600][000002C1E4E0C1C0 49] WindowsNoEditor, [000002C1E6E47F00][000002C1E4E10340 49] WindowsServer, [000002C1E7145600][000002C1E4E144C0 49] WindowsClient, [000002C1E6E67D00][000002C1E4E18640 49] IOS, [000002C1E6E44700][000002C1E4E02780 49] iPadAir, [000002C1E6E64700][000002C1E4E1C8C0 49] iPadAir2, [000002C1E6E10400][000002C1E4E2AB00 49] IPadPro, [000002C1E6E10500][000002C1E4E20B40 49] iPadAir3, [000002C1E6E44300][000002C1E4E38CC0 49] iPadAir4, [000002C1E6E11200][000002C1E4E3CE40 49] iPadMini2, [000002C1E6E47E00][000002C1E3178FC0 49] iPadMini3, [000002C1E6E13100][000002C1E317D140 49] iPadMini4, [000002C1E6E47D00][000002C1E31812C0 49] iPadMini5, [000002C1E6DEFC00][000002C1E3189580 49] iPhone6, [000002C1E6DEFD00][000002C1E31855C0 49] iPodTouch6, [000002C1E7145700][000002C1E3191880 49] iPhone7, [000002C1E7145800][000002C1E318D8C0 49] iPodTouch7, [000002C1E6DEC700][000002C1E3195A40 49] iPhone5S, [000002C1E6E12E00][000002C1E3199BC0 49] iPhone6Plus, [000002C1E6DEE000][000002C1E319C1C0 49] iPhone6S, [000002C1E6E10F00][000002C1E31A0340 49] iPhone6SPlus, [000002C1E6DECA00][000002C1E31A44C0 49] iPhone7Plus, [000002C1E6E13D00][000002C1E31A8640 49] iPhoneSE, [000002C1E7147500][000002C1E31AC7C0 49] iPhone8, [000002C1E6E11A00][000002C1E31B0940 49] iPhone8Plus, [000002C1E7146800][000002C1E4E34A80 49] iPhoneX, [000002C1E6E11700][000002C1E31B4BC0 49] iPhoneXS, [000002C1E7147000][000002C1E31B8D00 49] iPhoneXSMax, [000002C1E6E11100][000002C1E31C0E80 49] iPhoneXR, [000002C1E7144E00][000002C1E31C5000 49] iPhone11, [000002C1E6E12C00][000002C1E31C9180 49] iPhone11Pro, [000002C1E7146C00][000002C1E31CD300 49] iPhone11ProMax, [000002C1E6E11400][000002C1E31D1480 49] iPhoneSE2, [000002C1E7144800][000002C1E31D5600 49] iPhone12Mini, [000002C1E6E12B00][000002C1E31D9780 49] iPhone12, [000002C1E7145000][000002C1E31DD900 49] iPhone12Pro, [000002C1E6E12200][000002C1E31E1A80 49] iPhone12ProMax, [000002C1E7146B00][000002C1E31E5C00 49] iPadPro105, [000002C1E6E13A00][000002C1E31E8200 49] iPadPro129, [000002C1E7146100][000002C1E42BE380 49] iPadPro97, [000002C1E6E12400][000002C1E42C2500 49] iPadPro2_129, [000002C1E7145900][000002C1E42C6680 49] iPad5, [000002C1E6E10E00][000002C1E42CA800 49] iPad6, [000002C1E7144F00][000002C1E42CE980 49] iPad7, [000002C1E6E11800][000002C1E42D2B00 49] iPad8, [000002C1E7146000][000002C1E31BCC40 49] iPadPro11, [000002C1E6E10800][000002C1E42D6D80 49] iPadPro2_11, [000002C1E7144500][000002C1E42DAEC0 49] iPadPro3_129, [000002C1E6E13700][000002C1E42E3040 49] iPadPro4_129, [000002C1E7146200][000002C1E42E71C0 49] AppleTV, [000002C1E6E10200][000002C1E42EB340 49] AppleTV4K, [000002C1E7144400][000002C1E42EF4C0 49] TVOS, [000002C1E6E10900][000002C1E42F3640 49] Mac, [000002C1E7145D00][000002C1E42F77C0 49] MacClient, [000002C1E6E12D00][000002C1E42FB940 49] MacNoEditor, [000002C1E7147400][000002C1E42FFAC0 49] MacServer, [000002C1E6E12600][000002C1E43020C0 49] Linux, [000002C1E7144100][000002C1E4306240 49] LinuxAArch64, [000002C1E6E13E00][000002C1E430A3C0 49] LinuxNoEditor, [000002C1E7146F00][000002C1E430E540 49] LinuxAArch64NoEditor, [000002C1E6E13600][000002C1E43126C0 49] LinuxClient, [000002C1E7146500][000002C1E4316840 49] LinuxAArch64Client, [000002C1E6E12A00][000002C1E431A9C0 49] LinuxServer, [000002C1E7145F00][000002C1E431EB40 49] LinuxAArch64Server, [000002C1E6E12700][000002C1E4322CC0 49] Android, [000002C1E6E45100][000002C1E42DEE00 49] Android_Low, [000002C1E6DEFB00][000002C1E4326F40 49] Android_Mid, [000002C1E6E45600][000002C1E432B080 49] Android_High, [000002C1E6DEC900][000002C1E432F1C0 49] Android_Default, [000002C1E6E44D00][000002C1E4337340 49] Android_Adreno4xx, [000002C1E6DEF800][000002C1E433B4C0 49] Android_Adreno5xx_Low, [000002C1E6E46100][000002C1E433F640 49] Android_Adreno5xx, [000002C1E6DED900][000002C1E2A017C0 49] Android_Adreno6xx, [000002C1E6E47300][000002C1E2A05940 49] Android_Adreno6xx_Vulkan, [000002C1E6DEF200][000002C1E2A09AC0 49] Android_Mali_T6xx, [000002C1E6E46900][000002C1E2A0C0C0 49] Android_Mali_T7xx, [000002C1E6DECC00][000002C1E2A10240 49] Android_Mali_T8xx, [000002C1E6E46300][000002C1E2A143C0 49] Android_Mali_G71, [000002C1E6DEEA00][000002C1E2A18540 49] Android_Mali_G72, [000002C1E6E46800][000002C1E2A1C6C0 49] Android_Mali_G72_Vulkan, [000002C1E6DEF400][000002C1E2A20840 49] Android_Mali_G76, [000002C1E6E45200][000002C1E2A249C0 49] Android_Mali_G76_Vulkan, [000002C1E6DEC300][000002C1E2A28B40 49] Android_Mali_G77, [000002C1E6E46700][000002C1E2A2CCC0 49] Android_Mali_G77_Vulkan, [000002C1E6DECD00][000002C1E2A30E40 49] Android_Mali_G78, [000002C1E6E47700][000002C1E4332F80 49] Android_Mali_G78_Vulkan, [000002C1E6DEFF00][000002C1E2A350C0 49] Android_Mali_G710, [000002C1E6E46400][000002C1E2A39200 49] Android_Mali_G710_Vulkan, [000002C1E6DEF700][000002C1E2A3D340 49] Android_Vulkan_SM5, [000002C1E6E45C00][000002C1E2A454C0 49] Android_PowerVR_G6xxx, [000002C1E6DEDE00][000002C1E2A49640 49] Android_PowerVR_GT7xxx, [000002C1E6E45A00][000002C1E2A4D7C0 49] Android_PowerVR_GE8xxx, [000002C1E6DED200][000002C1E2A51940 49] Android_PowerVR_GM9xxx, [000002C1E6E11D00][000002C1E2A55AC0 49] Android_PowerVR_GM9xxx_Vulkan, [000002C1E6DEE200][000002C1E2A580C0 49] Android_TegraK1, [000002C1E6E11600][000002C1E2A5C240 49] Android_Unknown_Vulkan, [000002C1E6DEDF00][000002C1E2A603C0 49] Lumin, [000002C1E6E13400][000002C1E2A64540 49] Lumin_Desktop, [000002C1E6DEF000][000002C1E2A686C0 49] HoloLens, 
[2022.03.22-09.49.06:553][  0]LogMeshReduction: Using QuadricMeshReduction for automatic static mesh reduction
[2022.03.22-09.49.06:553][  0]LogMeshReduction: Using SimplygonMeshReduction for automatic skeletal mesh reduction
[2022.03.22-09.49.06:553][  0]LogMeshReduction: Using ProxyLODMeshReduction for automatic mesh merging
[2022.03.22-09.49.06:553][  0]LogMeshReduction: No distributed automatic mesh merging module available
[2022.03.22-09.49.06:561][  0]LogMeshMerging: No distributed automatic mesh merging module available
[2022.03.22-09.49.07:264][  0]LogNetVersion: KeyStone 1.0.0, NetCL: 17155196, EngineNetVer: 17, GameNetVer: 0 (Checksum: 4097420791)
[2022.03.22-09.49.15:253][  0]LogTexture: Default maximum texture size for cubemaps generated from long-lat sources has been changed from 512 to unlimited. In order to preserve old behaiour for '/Engine/MapTemplates/Sky/DaylightAmbientCubemap.DaylightAmbientCubemap', its maximum texture size has been explicitly set to 512.
[2022.03.22-09.49.16:486][  0]LogHMD: PokeAHoleMaterial loaded successfully
[2022.03.22-09.49.17:153][  0]LogUObjectArray: 17178 objects as part of root set at end of initial load.
[2022.03.22-09.49.17:153][  0]LogUObjectAllocator: 4302048 out of 0 bytes used by permanent object pool.
[2022.03.22-09.49.17:153][  0]LogUObjectArray: CloseDisregardForGC: 0/0 objects in disregard for GC pool
[2022.03.22-09.49.19:688][  0]LogPython: Using Python 3.7.7
[2022.03.22-09.49.22:759][  0]LogTcpMessaging: Initializing TcpMessaging bridge
[2022.03.22-09.49.22:829][  0]LogUdpMessaging: Initializing bridge on interface 0.0.0.0:0 to multicast group 230.0.0.1:6666.
[2022.03.22-09.49.23:385][  0]LogNiagaraDebuggerClient: Niagara Debugger Client Initialized | Session: 706E6284450FEF555EDC8F97B363F9FB | Instance: FD817E264578259115F1E7B7B8A4823A (DESKTOP-SSS6VR6-13740).
[2022.03.22-09.49.29:885][  0]SourceControl: Source control is disabled
[2022.03.22-09.49.29:885][  0]SourceControl: Source control is disabled
[2022.03.22-09.49.30:239][  0]SourceControl: Source control is disabled
[2022.03.22-09.49.30:305][  0]SourceControl: Source control is disabled
[2022.03.22-09.49.30:357][  0]SourceControl: Source control is disabled
[2022.03.22-09.49.30:520][  0]LogUProjectInfo: Found projects:
[2022.03.22-09.49.30:730][  0]LogOpenImageDenoise: OIDN starting up
